[0.007s] Invoking command in '/home/cjj/Desktop/RM_work/opencv_project/track_and_pnp/build/objective_track': CMAKE_PREFIX_PATH=/home/cjj/Desktop/RM_work/opencv_project/track_and_pnp/install/my_interfaces:/home/cjj/Desktop/RM_work/opencv_project/track_and_pnp/install/objective_track:/opt/ros/humble LD_LIBRARY_PATH=/home/cjj/Desktop/RM_work/opencv_project/track_and_pnp/install/my_interfaces/lib:/opt/ros/humble/opt/rviz_ogre_vendor/lib:/opt/ros/humble/lib/x86_64-linux-gnu:/opt/ros/humble/lib:/opt/MVS/lib/64:/opt/MVS/lib/32:/opt/intel/openvino/runtime/lib/intel64:/usr/local/lib:/opt/MVS/lib/64:/opt/MVS/lib/32:/opt/MVS/lib/64:/opt/MVS/lib/32 /usr/bin/cmake --build /home/cjj/Desktop/RM_work/opencv_project/track_and_pnp/build/objective_track -- -j20 -l20
[0.043s] [35m[1mConsolidate compiler generated dependencies of target objective_track[0m
[0.063s] [ 25%] [32mBuilding CXX object CMakeFiles/objective_track.dir/src/main.cpp.o[0m
[2.486s] [01m[K/home/cjj/Desktop/RM_work/opencv_project/track_and_pnp/src/objective_track/src/main.cpp:21:42:[m[K [01;31m[Kerror: [m[Kexpected identifier before numeric constant
[2.486s]    21 |         std::vector<Eigen::Vector3d> pts([01;31m[K5[m[K);
[2.486s]       |                                          [01;31m[K^[m[K
[2.486s] [01m[K/home/cjj/Desktop/RM_work/opencv_project/track_and_pnp/src/objective_track/src/main.cpp:21:42:[m[K [01;31m[Kerror: [m[Kexpected â€˜[01m[K,[m[Kâ€™ or â€˜[01m[K...[m[Kâ€™ before numeric constant
[2.501s] [01m[K/home/cjj/Desktop/RM_work/opencv_project/track_and_pnp/src/objective_track/src/main.cpp:[m[K In member function â€˜[01m[Kvoid objective_track::Track()[m[Kâ€™:
[2.501s] [01m[K/home/cjj/Desktop/RM_work/opencv_project/track_and_pnp/src/objective_track/src/main.cpp:37:28:[m[K [01;31m[Kerror: [m[Kinvalid use of non-static member function â€˜[01m[Kstd::vector<Eigen::Matrix<double, 3, 1> > objective_track::pts(int)[m[Kâ€™
[2.501s]    37 |                     my_Pnp([01;31m[Kpts[m[K,img);
[2.501s]       |                            [01;31m[K^~~[m[K
[2.501s] [01m[K/home/cjj/Desktop/RM_work/opencv_project/track_and_pnp/src/objective_track/src/main.cpp:21:38:[m[K [01;36m[Knote: [m[Kdeclared here
[2.501s]    21 |         std::vector<Eigen::Vector3d> [01;36m[Kpts[m[K(5);
[2.501s]       |                                      [01;36m[K^~~[m[K
[2.501s] [01m[K/home/cjj/Desktop/RM_work/opencv_project/track_and_pnp/src/objective_track/src/main.cpp:46:37:[m[K [01;31m[Kerror: [m[Kinvalid types â€˜[01m[K<unresolved overloaded function type>[int][m[Kâ€™ for array subscript
[2.501s]    46 |                     std::cout << pts[01;31m[K[[m[K0][0] << " " << pts[0][2] << " " << -pts[0][1] << "\n"; // ç›®æ ‡ç‰©ä½“çš„æ­£äº¤ä¸­å¿ƒä½ç½®
[2.501s]       |                                     [01;31m[K^[m[K
[2.501s] [01m[K/home/cjj/Desktop/RM_work/opencv_project/track_and_pnp/src/objective_track/src/main.cpp:46:57:[m[K [01;31m[Kerror: [m[Kinvalid types â€˜[01m[K<unresolved overloaded function type>[int][m[Kâ€™ for array subscript
[2.501s]    46 |                     std::cout << pts[0][0] << " " << pts[01;31m[K[[m[K0][2] << " " << -pts[0][1] << "\n"; // ç›®æ ‡ç‰©ä½“çš„æ­£äº¤ä¸­å¿ƒä½ç½®
[2.501s]       |                                                         [01;31m[K^[m[K
[2.501s] [01m[K/home/cjj/Desktop/RM_work/opencv_project/track_and_pnp/src/objective_track/src/main.cpp:46:78:[m[K [01;31m[Kerror: [m[Kinvalid types â€˜[01m[K<unresolved overloaded function type>[int][m[Kâ€™ for array subscript
[2.501s]    46 |                     std::cout << pts[0][0] << " " << pts[0][2] << " " << -pts[01;31m[K[[m[K0][1] << "\n"; // ç›®æ ‡ç‰©ä½“çš„æ­£äº¤ä¸­å¿ƒä½ç½®
[2.502s]       |                                                                              [01;31m[K^[m[K
[3.156s] gmake[2]: *** [CMakeFiles/objective_track.dir/build.make:90ï¼šCMakeFiles/objective_track.dir/src/main.cpp.o] é”™è¯¯ 1
[3.156s] gmake[1]: *** [CMakeFiles/Makefile2:137ï¼šCMakeFiles/objective_track.dir/all] é”™è¯¯ 2
[3.157s] gmake: *** [Makefile:146ï¼šall] é”™è¯¯ 2
[3.159s] Invoked command in '/home/cjj/Desktop/RM_work/opencv_project/track_and_pnp/build/objective_track' returned '2': CMAKE_PREFIX_PATH=/home/cjj/Desktop/RM_work/opencv_project/track_and_pnp/install/my_interfaces:/home/cjj/Desktop/RM_work/opencv_project/track_and_pnp/install/objective_track:/opt/ros/humble LD_LIBRARY_PATH=/home/cjj/Desktop/RM_work/opencv_project/track_and_pnp/install/my_interfaces/lib:/opt/ros/humble/opt/rviz_ogre_vendor/lib:/opt/ros/humble/lib/x86_64-linux-gnu:/opt/ros/humble/lib:/opt/MVS/lib/64:/opt/MVS/lib/32:/opt/intel/openvino/runtime/lib/intel64:/usr/local/lib:/opt/MVS/lib/64:/opt/MVS/lib/32:/opt/MVS/lib/64:/opt/MVS/lib/32 /usr/bin/cmake --build /home/cjj/Desktop/RM_work/opencv_project/track_and_pnp/build/objective_track -- -j20 -l20
